<?xml version="1.0" encoding="UTF-8"?>
<!-- Generated by org.testng.reporters.JUnitReportReporter -->
<testsuite hostname="Think-Pad" failures="0" tests="1" name="smarttech.usa.runner.MyRunner" time="4.411" errors="0" timestamp="26 Apr 2023 02:01:34 GMT" skipped="0">
  <testcase classname="smarttech.usa.runner.MyRunner" name="runScenario" time="4.411"/>
</testsuite> <!-- smarttech.usa.runner.MyRunner -->
