<?xml version="1.0" encoding="UTF-8"?>
<!-- Generated by org.testng.reporters.JUnitReportReporter -->
<testsuite hostname="Think-Pad" failures="0" tests="1" name="smarttech.usa.runner.MyRunner" time="10.303" errors="0" timestamp="15 May 2023 01:24:48 GMT" skipped="0">
  <testcase classname="smarttech.usa.runner.MyRunner" name="runScenario" time="10.303"/>
</testsuite> <!-- smarttech.usa.runner.MyRunner -->
