<?xml version="1.0" encoding="UTF-8"?>
<!-- Generated by org.testng.reporters.JUnitReportReporter -->
<testsuite hostname="Think-Pad" failures="0" tests="1" name="smarttech.usa.runner.MyRunner" time="10.309" errors="0" timestamp="14 May 2023 22:44:24 GMT" skipped="0">
  <testcase classname="smarttech.usa.runner.MyRunner" name="runScenario" time="10.309"/>
</testsuite> <!-- smarttech.usa.runner.MyRunner -->
