<?xml version="1.0" encoding="UTF-8"?>
<!-- Generated by org.testng.reporters.JUnitReportReporter -->
<testsuite hostname="Think-Pad" failures="0" tests="1" name="smarttech.usa.runner.MyRunner" time="12.762" errors="0" timestamp="16 May 2023 23:11:28 GMT" skipped="0">
  <testcase classname="smarttech.usa.runner.MyRunner" name="runScenario" time="12.762"/>
</testsuite> <!-- smarttech.usa.runner.MyRunner -->
