<?xml version="1.0" encoding="UTF-8"?>
<!-- Generated by org.testng.reporters.JUnitReportReporter -->
<testsuite hostname="Think-Pad" failures="0" tests="1" name="smarttech.usa.runner.MyRunner" time="11.010" errors="0" timestamp="29 Apr 2023 03:03:23 GMT" skipped="0">
  <testcase classname="smarttech.usa.runner.MyRunner" name="runScenario" time="11.010"/>
</testsuite> <!-- smarttech.usa.runner.MyRunner -->
